<?xml version="1.0" encoding="UTF-8"?>
<testng-results skipped="0" failed="0" total="1" passed="1">
  <reporter-output>
  </reporter-output>
  <suite name="HybridTest" duration-ms="15266" started-at="2020-08-23T10:43:45Z" finished-at="2020-08-23T10:44:00Z">
    <groups>
    </groups>
    <test name="BankingApp test" duration-ms="15266" started-at="2020-08-23T10:43:45Z" finished-at="2020-08-23T10:44:00Z">
      <class name="com.internetbanking.testcases.TC_LoginTest_001">
        <test-method status="PASS" signature="setup(java.lang.String)[pri:0, instance:com.internetbanking.testcases.TC_LoginTest_001@3b6eb2ec]" name="setup" is-config="true" duration-ms="9613" started-at="2020-08-23T16:13:45Z" finished-at="2020-08-23T16:13:55Z">
          <params>
            <param index="0">
              <value>
                <![CDATA[chrome]]>
              </value>
            </param>
          </params>
          <reporter-output>
          </reporter-output>
        </test-method> <!-- setup -->
        <test-method status="PASS" signature="loginTest()[pri:0, instance:com.internetbanking.testcases.TC_LoginTest_001@3b6eb2ec]" name="loginTest" duration-ms="5083" started-at="2020-08-23T16:13:55Z" finished-at="2020-08-23T16:14:00Z">
          <reporter-output>
          </reporter-output>
        </test-method> <!-- loginTest -->
      </class> <!-- com.internetbanking.testcases.TC_LoginTest_001 -->
    </test> <!-- BankingApp test -->
  </suite> <!-- HybridTest -->
</testng-results>
